<?xml version="1.0" encoding="UTF-8"?>
<testng-results ignored="0" total="1" passed="1" failed="0" skipped="0">
  <reporter-output>
  </reporter-output>
  <suite started-at="2021-08-09T00:38:13 IST" name="Default suite" finished-at="2021-08-09T00:39:41 IST" duration-ms="87769">
    <groups>
    </groups>
    <test started-at="2021-08-09T00:38:13 IST" name="Default test" finished-at="2021-08-09T00:39:41 IST" duration-ms="87769">
      <class name="flipkartWebPageTestcases.flipkartLoginPageTestCAses">
        <test-method signature="flipkartLoginPageCredentials()[pri:0, instance:flipkartWebPageTestcases.flipkartLoginPageTestCAses@ba54932]" started-at="2021-08-09T00:38:13 IST" name="flipkartLoginPageCredentials" finished-at="2021-08-09T00:39:41 IST" duration-ms="87689" status="PASS">
          <reporter-output>
          </reporter-output>
        </test-method> <!-- flipkartLoginPageCredentials -->
      </class> <!-- flipkartWebPageTestcases.flipkartLoginPageTestCAses -->
    </test> <!-- Default test -->
  </suite> <!-- Default suite -->
</testng-results>
